{"numFailedTestSuites":0,"numFailedTests":0,"numPassedTestSuites":0,"numPassedTests":0,"numPendingTestSuites":0,"numPendingTests":0,"numRuntimeErrorTestSuites":0,"numTodoTests":0,"numTotalTestSuites":0,"numTotalTests":0,"openHandles":[],"snapshot":{"added":0,"didUpdate":false,"failure":false,"filesAdded":0,"filesRemoved":0,"filesRemovedList":[],"filesUnmatched":0,"filesUpdated":0,"matched":0,"total":0,"unchecked":0,"uncheckedKeysByFile":[],"unmatched":0,"updated":0},"startTime":1706346633759,"success":true,"testResults":[{"assertionResults":[{"ancestorTitles":["Login Test"],"duration":3910,"failureDetails":[],"failureMessages":[],"fullName":"Login Test should display an error message with invalid credentials","invocations":1,"location":null,"numPassingAsserts":2,"retryReasons":[],"status":"passed","title":"should display an error message with invalid credentials"},{"ancestorTitles":["Login Test","Registration Test 1"],"duration":221,"failureDetails":[],"failureMessages":[],"fullName":"Login Test Registration Test 1 should register successfully with required credentials","invocations":1,"location":null,"numPassingAsserts":1,"retryReasons":[],"status":"passed","title":"should register successfully with required credentials"},{"ancestorTitles":["Login Test","Registration Test 1"],"duration":166,"failureDetails":[],"failureMessages":[],"fullName":"Login Test Registration Test 1 should log in successfully with valid credentials","invocations":1,"location":null,"numPassingAsserts":1,"retryReasons":[],"status":"passed","title":"should log in successfully with valid credentials"},{"ancestorTitles":["Login Test","Registration Test 2"],"duration":182,"failureDetails":[],"failureMessages":[],"fullName":"Login Test Registration Test 2 should register successfully with required credentials","invocations":1,"location":null,"numPassingAsserts":1,"retryReasons":[],"status":"passed","title":"should register successfully with required credentials"},{"ancestorTitles":["Login Test","Registration Test 2"],"duration":170,"failureDetails":[],"failureMessages":[],"fullName":"Login Test Registration Test 2 should log in successfully with valid credentials","invocations":1,"location":null,"numPassingAsserts":1,"retryReasons":[],"status":"passed","title":"should log in successfully with valid credentials"},{"ancestorTitles":["Login Test","Registration Test 3"],"duration":185,"failureDetails":[],"failureMessages":[],"fullName":"Login Test Registration Test 3 should register successfully with required credentials","invocations":1,"location":null,"numPassingAsserts":1,"retryReasons":[],"status":"passed","title":"should register successfully with required credentials"},{"ancestorTitles":["Login Test","Registration Test 3"],"duration":180,"failureDetails":[],"failureMessages":[],"fullName":"Login Test Registration Test 3 should log in successfully with valid credentials","invocations":1,"location":null,"numPassingAsserts":1,"retryReasons":[],"status":"passed","title":"should log in successfully with valid credentials"},{"ancestorTitles":["Login Test","Registration Test 4"],"duration":186,"failureDetails":[],"failureMessages":[],"fullName":"Login Test Registration Test 4 should register successfully with required credentials","invocations":1,"location":null,"numPassingAsserts":1,"retryReasons":[],"status":"passed","title":"should register successfully with required credentials"},{"ancestorTitles":["Login Test","Registration Test 4"],"duration":160,"failureDetails":[],"failureMessages":[],"fullName":"Login Test Registration Test 4 should log in successfully with valid credentials","invocations":1,"location":null,"numPassingAsserts":1,"retryReasons":[],"status":"passed","title":"should log in successfully with valid credentials"},{"ancestorTitles":["Login Test","Registration Test 5"],"duration":190,"failureDetails":[],"failureMessages":[],"fullName":"Login Test Registration Test 5 should register successfully with required credentials","invocations":1,"location":null,"numPassingAsserts":1,"retryReasons":[],"status":"passed","title":"should register successfully with required credentials"},{"ancestorTitles":["Login Test","Registration Test 5"],"duration":159,"failureDetails":[],"failureMessages":[],"fullName":"Login Test Registration Test 5 should log in successfully with valid credentials","invocations":1,"location":null,"numPassingAsserts":1,"retryReasons":[],"status":"passed","title":"should log in successfully with valid credentials"}],"endTime":1706346641674,"message":"","name":"C:\\SP\\BED\\Unit_7\\bed-lab7-exercise-Htoo-Htet\\tests\\playwright.test.js","startTime":1706346633844,"status":"passed","summary":""}],"wasInterrupted":false}
